<?xml version="1.0" encoding="UTF-8"?><testrun name="Alerts" project="mavenTest" tests="1" started="1" failures="0" errors="1" ignored="0">
  <testsuite name="selenium.mavenTest.Alerts" time="28.649" displayname="Alerts" uniqueid="[engine:junit-jupiter]/[class:selenium.mavenTest.Alerts]">
    <testcase name="test" classname="selenium.mavenTest.Alerts" time="28.649" displayname="test()" uniqueid="[engine:junit-jupiter]/[class:selenium.mavenTest.Alerts]/[method:test()]">
      <error>org.openqa.selenium.TimeoutException: Expected condition failed: waiting for presence of element located by: By.xpath: //a[.='CONTINUE'] (tried for 10 second(s) with 500 milliseconds interval)&#13;
	at org.openqa.selenium.support.ui.WebDriverWait.timeoutException(WebDriverWait.java:84)&#13;
	at org.openqa.selenium.support.ui.FluentWait.until(FluentWait.java:228)&#13;
	at selenium.mavenTest.Alerts.test(Alerts.java:28)&#13;
	at java.base/java.lang.reflect.Method.invoke(Method.java:580)&#13;
	at java.base/java.util.ArrayList.forEach(ArrayList.java:1597)&#13;
	at java.base/java.util.ArrayList.forEach(ArrayList.java:1597)&#13;
Caused by: org.openqa.selenium.NoSuchElementException: no such element: Unable to locate element: {"method":"xpath","selector":"//a[.='CONTINUE']"}
  (Session info: chrome=131.0.6778.108)
For documentation on this error, please visit: https://www.selenium.dev/documentation/webdriver/troubleshooting/errors#no-such-element-exception
Build info: version: '4.26.0', revision: '8ccf0219d7'
System info: os.name: 'Windows 11', os.arch: 'amd64', os.version: '10.0', java.version: '23'
Driver info: org.openqa.selenium.chrome.ChromeDriver
Command: [e52ad47e5958b646a9581342f3618f0d, findElement {using=xpath, value=//a[.='CONTINUE']}]
Capabilities {acceptInsecureCerts: false, browserName: chrome, browserVersion: 131.0.6778.108, chrome: {chromedriverVersion: 131.0.6778.87 (ce31cae94873..., userDataDir: C:\Users\katkuri.vidyaysaga...}, fedcm:accounts: true, goog:chromeOptions: {debuggerAddress: localhost:57568}, networkConnectionEnabled: false, pageLoadStrategy: normal, platformName: windows, proxy: Proxy(), se:cdp: ws://localhost:57568/devtoo..., se:cdpVersion: 131.0.6778.108, setWindowRect: true, strictFileInteractability: false, timeouts: {implicit: 0, pageLoad: 300000, script: 30000}, unhandledPromptBehavior: dismiss and notify, webauthn:extension:credBlob: true, webauthn:extension:largeBlob: true, webauthn:extension:minPinLength: true, webauthn:extension:prf: true, webauthn:virtualAuthenticators: true}
Session ID: e52ad47e5958b646a9581342f3618f0d&#13;
	at java.base/jdk.internal.reflect.DirectConstructorHandleAccessor.newInstance(DirectConstructorHandleAccessor.java:62)&#13;
	at java.base/java.lang.reflect.Constructor.newInstanceWithCaller(Constructor.java:501)&#13;
	at java.base/java.lang.reflect.Constructor.newInstance(Constructor.java:485)&#13;
	at org.openqa.selenium.remote.ErrorCodec.decode(ErrorCodec.java:167)&#13;
	at org.openqa.selenium.remote.codec.w3c.W3CHttpResponseCodec.decode(W3CHttpResponseCodec.java:138)&#13;
	at org.openqa.selenium.remote.codec.w3c.W3CHttpResponseCodec.decode(W3CHttpResponseCodec.java:50)&#13;
	at org.openqa.selenium.remote.HttpCommandExecutor.execute(HttpCommandExecutor.java:190)&#13;
	at org.openqa.selenium.remote.service.DriverCommandExecutor.invokeExecute(DriverCommandExecutor.java:216)&#13;
	at org.openqa.selenium.remote.service.DriverCommandExecutor.execute(DriverCommandExecutor.java:174)&#13;
	at org.openqa.selenium.remote.RemoteWebDriver.execute(RemoteWebDriver.java:545)&#13;
	at org.openqa.selenium.remote.ElementLocation$ElementFinder$2.findElement(ElementLocation.java:165)&#13;
	at org.openqa.selenium.remote.ElementLocation.findElement(ElementLocation.java:59)&#13;
	at org.openqa.selenium.remote.RemoteWebDriver.findElement(RemoteWebDriver.java:368)&#13;
	at org.openqa.selenium.remote.RemoteWebDriver.findElement(RemoteWebDriver.java:362)&#13;
	at org.openqa.selenium.support.ui.ExpectedConditions$6.apply(ExpectedConditions.java:171)&#13;
	at org.openqa.selenium.support.ui.ExpectedConditions$6.apply(ExpectedConditions.java:168)&#13;
	at org.openqa.selenium.support.ui.FluentWait.until(FluentWait.java:203)&#13;
	... 4 more&#13;
&#13;
</error>
    </testcase>
  </testsuite>
</testrun>
