<?xml version="1.0" encoding="UTF-8"?><testrun name="Frames (1)" project="mavenTest" tests="1" started="1" failures="0" errors="1" ignored="0">
  <testsuite name="selenium.mavenTest.Frames" time="22.375" displayname="Frames" uniqueid="[engine:junit-jupiter]/[class:selenium.mavenTest.Frames]">
    <testcase name="test" classname="selenium.mavenTest.Frames" time="22.375" displayname="test()" uniqueid="[engine:junit-jupiter]/[class:selenium.mavenTest.Frames]/[method:test()]">
      <error>org.openqa.selenium.ElementClickInterceptedException: element click intercepted: Element &lt;button class="whButtons" id="newWindowBtn" onclick="newBrowserWindow()"&gt;...&lt;/button&gt; is not clickable at point (256, 557). Other element would receive the click: &lt;iframe id="aswift_10" name="aswift_10" browsingtopics="true" style="width: 1005px !important; height: 124px !important; display: block; margin: 0px auto;" sandbox="allow-forms allow-popups allow-popups-to-escape-sandbox allow-same-origin allow-scripts allow-top-navigation-by-user-activation" width="1005" height="124" frameborder="0" marginwidth="0" marginheight="0" vspace="0" hspace="0" allowtransparency="true" scrolling="no" allow="attribution-reporting; run-ad-auction" src="https://googleads.g.doubleclick.net/pagead/html/r20241120/r20190131/zrt_lookup_fy2021.html#RS-1-&amp;amp;adk=1812271801&amp;amp;client=ca-pub-2190203024692607&amp;amp;fa=1&amp;amp;ifi=11&amp;amp;uci=a!b&amp;amp;btvi=6" data-google-container-id="a!b" tabindex="0" title="Advertisement" aria-label="Advertisement" data-google-query-id="CLqqr7DOjooDFTAUgwMdcus7Zw" data-load-complete="true"&gt;&lt;/iframe&gt;
  (Session info: chrome=131.0.6778.108)
Build info: version: '4.26.0', revision: '8ccf0219d7'
System info: os.name: 'Windows 11', os.arch: 'amd64', os.version: '10.0', java.version: '23'
Driver info: org.openqa.selenium.chrome.ChromeDriver
Command: [d85228b0b683fe951b728528c59e95a4, clickElement {id=f.6623051BDEC6CCE4C3469C73BAE70B59.d.D5AFC4A023EF75FCF93CE1FFE539568F.e.69}]
Capabilities {acceptInsecureCerts: false, browserName: chrome, browserVersion: 131.0.6778.108, chrome: {chromedriverVersion: 131.0.6778.87 (ce31cae94873..., userDataDir: C:\Users\katkuri.vidyaysaga...}, fedcm:accounts: true, goog:chromeOptions: {debuggerAddress: localhost:58362}, networkConnectionEnabled: false, pageLoadStrategy: normal, platformName: windows, proxy: Proxy(), se:cdp: ws://localhost:58362/devtoo..., se:cdpVersion: 131.0.6778.108, setWindowRect: true, strictFileInteractability: false, timeouts: {implicit: 0, pageLoad: 300000, script: 30000}, unhandledPromptBehavior: dismiss and notify, webauthn:extension:credBlob: true, webauthn:extension:largeBlob: true, webauthn:extension:minPinLength: true, webauthn:extension:prf: true, webauthn:virtualAuthenticators: true}
Element: [[ChromeDriver: chrome on windows (d85228b0b683fe951b728528c59e95a4)] -&gt; xpath: //button[@id='newWindowBtn']]
Session ID: d85228b0b683fe951b728528c59e95a4&#13;
	at java.base/jdk.internal.reflect.DirectConstructorHandleAccessor.newInstance(DirectConstructorHandleAccessor.java:62)&#13;
	at java.base/java.lang.reflect.Constructor.newInstanceWithCaller(Constructor.java:501)&#13;
	at java.base/java.lang.reflect.Constructor.newInstance(Constructor.java:485)&#13;
	at org.openqa.selenium.remote.ErrorCodec.decode(ErrorCodec.java:167)&#13;
	at org.openqa.selenium.remote.codec.w3c.W3CHttpResponseCodec.decode(W3CHttpResponseCodec.java:138)&#13;
	at org.openqa.selenium.remote.codec.w3c.W3CHttpResponseCodec.decode(W3CHttpResponseCodec.java:50)&#13;
	at org.openqa.selenium.remote.HttpCommandExecutor.execute(HttpCommandExecutor.java:190)&#13;
	at org.openqa.selenium.remote.service.DriverCommandExecutor.invokeExecute(DriverCommandExecutor.java:216)&#13;
	at org.openqa.selenium.remote.service.DriverCommandExecutor.execute(DriverCommandExecutor.java:174)&#13;
	at org.openqa.selenium.remote.RemoteWebDriver.execute(RemoteWebDriver.java:545)&#13;
	at org.openqa.selenium.remote.RemoteWebElement.execute(RemoteWebElement.java:223)&#13;
	at org.openqa.selenium.remote.RemoteWebElement.click(RemoteWebElement.java:76)&#13;
	at selenium.mavenTest.Frames.test(Frames.java:30)&#13;
	at java.base/java.lang.reflect.Method.invoke(Method.java:580)&#13;
	at java.base/java.util.ArrayList.forEach(ArrayList.java:1597)&#13;
	at java.base/java.util.ArrayList.forEach(ArrayList.java:1597)&#13;
&#13;
</error>
    </testcase>
  </testsuite>
</testrun>
