<?xml version="1.0" encoding="UTF-8"?><testrun name="Alerts" project="mavenTest" tests="1" started="1" failures="0" errors="1" ignored="0">
  <testsuite name="selenium.mavenTest.Alerts" time="14.779" displayname="Alerts" uniqueid="[engine:junit-jupiter]/[class:selenium.mavenTest.Alerts]">
    <testcase name="test" classname="selenium.mavenTest.Alerts" time="14.779" displayname="test()" uniqueid="[engine:junit-jupiter]/[class:selenium.mavenTest.Alerts]/[method:test()]">
      <error>org.openqa.selenium.InvalidSelectorException: Compound class names not permitted
For documentation on this error, please visit: https://www.selenium.dev/documentation/webdriver/troubleshooting/errors#invalid-selector-exception
Build info: version: '4.26.0', revision: '8ccf0219d7'
System info: os.name: 'Windows 11', os.arch: 'amd64', os.version: '10.0', java.version: '23'
Driver info: driver.version: unknown&#13;
	at org.openqa.selenium.By$ByClassName.&lt;init&gt;(By.java:309)&#13;
	at org.openqa.selenium.By.className(By.java:100)&#13;
	at selenium.mavenTest.Alerts.test(Alerts.java:18)&#13;
	at java.base/java.lang.reflect.Method.invoke(Method.java:580)&#13;
	at java.base/java.util.ArrayList.forEach(ArrayList.java:1597)&#13;
	at java.base/java.util.ArrayList.forEach(ArrayList.java:1597)&#13;
&#13;
</error>
    </testcase>
  </testsuite>
</testrun>
